2019-09-19 22:38:15.090  INFO 25351 --- [main] com.designdreams.copass.CopassApp        : Starting CopassApp on Krishnakumars-MacBook-Pro.local with PID 25351 (/Users/krish/IdeaProjects/copa-api-working/target/classes started by krish in /Users/krish/IdeaProjects/copa-api-working)
2019-09-19 22:38:15.093  INFO 25351 --- [main] com.designdreams.copass.CopassApp        : No active profile set, falling back to default profiles: default
2019-09-19 22:38:16.251  INFO 25351 --- [main] o.s.b.w.embedded.tomcat.TomcatWebServer  : Tomcat initialized with port(s): 8081 (http)
2019-09-19 22:38:16.277  INFO 25351 --- [main] o.apache.catalina.core.StandardService   : Starting service [Tomcat]
2019-09-19 22:38:16.277  INFO 25351 --- [main] org.apache.catalina.core.StandardEngine  : Starting Servlet engine: [Apache Tomcat/9.0.21]
2019-09-19 22:38:16.364  INFO 25351 --- [main] o.a.c.c.C.[Tomcat].[localhost].[/]       : Initializing Spring embedded WebApplicationContext
2019-09-19 22:38:16.364  INFO 25351 --- [main] o.s.web.context.ContextLoader            : Root WebApplicationContext: initialization completed in 1218 ms
2019-09-19 22:38:16.754  INFO 25351 --- [main] org.mongodb.driver.cluster               : Cluster created with settings {hosts=[127.0.0.1:27017], srvHost=dd-cluster-c-4cisu.gcp.mongodb.net, mode=MULTIPLE, requiredClusterType=REPLICA_SET, serverSelectionTimeout='30000 ms', maxWaitQueueSize=500, requiredReplicaSetName='dd-cluster-c-shard-0'}
2019-09-19 22:38:16.770  WARN 25351 --- [main] ConfigServletWebServerApplicationContext : Exception encountered during context initialization - cancelling refresh attempt: org.springframework.beans.factory.UnsatisfiedDependencyException: Error creating bean with name 'travellerDAOImpl': Unsatisfied dependency expressed through field 'jdbcTemplate'; nested exception is org.springframework.beans.factory.NoSuchBeanDefinitionException: No qualifying bean of type 'org.springframework.jdbc.core.JdbcTemplate' available: expected at least 1 bean which qualifies as autowire candidate. Dependency annotations: {@org.springframework.beans.factory.annotation.Autowired(required=true)}
2019-09-19 22:38:16.773  INFO 25351 --- [main] o.apache.catalina.core.StandardService   : Stopping service [Tomcat]
2019-09-19 22:38:16.785  INFO 25351 --- [main] ConditionEvaluationReportLoggingListener : 

Error starting ApplicationContext. To display the conditions report re-run your application with 'debug' enabled.
2019-09-19 22:38:16.860 ERROR 25351 --- [main] o.s.b.d.LoggingFailureAnalysisReporter   : 

***************************
APPLICATION FAILED TO START
***************************

Description:

Field jdbcTemplate in com.designdreams.copass.mysql.TravellerDAOImpl required a bean of type 'org.springframework.jdbc.core.JdbcTemplate' that could not be found.

The injection point has the following annotations:
	- @org.springframework.beans.factory.annotation.Autowired(required=true)


Action:

Consider defining a bean of type 'org.springframework.jdbc.core.JdbcTemplate' in your configuration.

2019-09-19 22:42:29.010  INFO 25398 --- [main] com.designdreams.copass.CopassApp        : Starting CopassApp on Krishnakumars-MacBook-Pro.local with PID 25398 (/Users/krish/IdeaProjects/copa-api-working/target/classes started by krish in /Users/krish/IdeaProjects/copa-api-working)
2019-09-19 22:42:29.013  INFO 25398 --- [main] com.designdreams.copass.CopassApp        : No active profile set, falling back to default profiles: default
2019-09-19 22:42:30.068  INFO 25398 --- [main] o.s.b.w.embedded.tomcat.TomcatWebServer  : Tomcat initialized with port(s): 8081 (http)
2019-09-19 22:42:30.096  INFO 25398 --- [main] o.apache.catalina.core.StandardService   : Starting service [Tomcat]
2019-09-19 22:42:30.096  INFO 25398 --- [main] org.apache.catalina.core.StandardEngine  : Starting Servlet engine: [Apache Tomcat/9.0.21]
2019-09-19 22:42:30.185  INFO 25398 --- [main] o.a.c.c.C.[Tomcat].[localhost].[/]       : Initializing Spring embedded WebApplicationContext
2019-09-19 22:42:30.185  INFO 25398 --- [main] o.s.web.context.ContextLoader            : Root WebApplicationContext: initialization completed in 1127 ms
2019-09-19 22:42:30.538  INFO 25398 --- [main] org.mongodb.driver.cluster               : Cluster created with settings {hosts=[127.0.0.1:27017], srvHost=dd-cluster-c-4cisu.gcp.mongodb.net, mode=MULTIPLE, requiredClusterType=REPLICA_SET, serverSelectionTimeout='30000 ms', maxWaitQueueSize=500, requiredReplicaSetName='dd-cluster-c-shard-0'}
2019-09-19 22:42:30.573  INFO 25398 --- [main] org.mongodb.driver.cluster               : Cluster description not yet available. Waiting for 30000 ms before timing out
2019-09-19 22:42:30.585  INFO 25398 --- [cluster-ClusterId{value='5d8466c6b8a5a92d269bed87', description='null'}-srv-dd-cluster-c-4cisu.gcp.mongodb.net] org.mongodb.driver.cluster               : Adding discovered server dd-cluster-c-shard-00-02-4cisu.gcp.mongodb.net:27017 to client view of cluster
2019-09-19 22:42:30.604  INFO 25398 --- [cluster-ClusterId{value='5d8466c6b8a5a92d269bed87', description='null'}-srv-dd-cluster-c-4cisu.gcp.mongodb.net] org.mongodb.driver.cluster               : Adding discovered server dd-cluster-c-shard-00-00-4cisu.gcp.mongodb.net:27017 to client view of cluster
2019-09-19 22:42:30.604  INFO 25398 --- [cluster-ClusterId{value='5d8466c6b8a5a92d269bed87', description='null'}-srv-dd-cluster-c-4cisu.gcp.mongodb.net] org.mongodb.driver.cluster               : Adding discovered server dd-cluster-c-shard-00-01-4cisu.gcp.mongodb.net:27017 to client view of cluster
2019-09-19 22:42:30.606  INFO 25398 --- [main] org.mongodb.driver.cluster               : No server chosen by com.mongodb.client.internal.MongoClientDelegate$1@3d7fa3ae from cluster description ClusterDescription{type=REPLICA_SET, connectionMode=MULTIPLE, serverDescriptions=[ServerDescription{address=dd-cluster-c-shard-00-00-4cisu.gcp.mongodb.net:27017, type=UNKNOWN, state=CONNECTING}, ServerDescription{address=dd-cluster-c-shard-00-01-4cisu.gcp.mongodb.net:27017, type=UNKNOWN, state=CONNECTING}, ServerDescription{address=dd-cluster-c-shard-00-02-4cisu.gcp.mongodb.net:27017, type=UNKNOWN, state=CONNECTING}]}. Waiting for 30000 ms before timing out
2019-09-19 22:42:31.260  INFO 25398 --- [cluster-ClusterId{value='5d8466c6b8a5a92d269bed87', description='null'}-dd-cluster-c-shard-00-01-4cisu.gcp.mongodb.net:27017] org.mongodb.driver.connection            : Opened connection [connectionId{localValue:3, serverValue:105740}] to dd-cluster-c-shard-00-01-4cisu.gcp.mongodb.net:27017
2019-09-19 22:42:31.260  INFO 25398 --- [cluster-ClusterId{value='5d8466c6b8a5a92d269bed87', description='null'}-dd-cluster-c-shard-00-00-4cisu.gcp.mongodb.net:27017] org.mongodb.driver.connection            : Opened connection [connectionId{localValue:2, serverValue:149431}] to dd-cluster-c-shard-00-00-4cisu.gcp.mongodb.net:27017
2019-09-19 22:42:31.260  INFO 25398 --- [cluster-ClusterId{value='5d8466c6b8a5a92d269bed87', description='null'}-dd-cluster-c-shard-00-02-4cisu.gcp.mongodb.net:27017] org.mongodb.driver.connection            : Opened connection [connectionId{localValue:1, serverValue:105798}] to dd-cluster-c-shard-00-02-4cisu.gcp.mongodb.net:27017
2019-09-19 22:42:31.338  INFO 25398 --- [cluster-ClusterId{value='5d8466c6b8a5a92d269bed87', description='null'}-dd-cluster-c-shard-00-00-4cisu.gcp.mongodb.net:27017] org.mongodb.driver.cluster               : Monitor thread successfully connected to server with description ServerDescription{address=dd-cluster-c-shard-00-00-4cisu.gcp.mongodb.net:27017, type=REPLICA_SET_PRIMARY, state=CONNECTED, ok=true, version=ServerVersion{versionList=[4, 0, 12]}, minWireVersion=0, maxWireVersion=7, maxDocumentSize=16777216, logicalSessionTimeoutMinutes=30, roundTripTimeNanos=74933614, setName='dd-cluster-c-shard-0', canonicalAddress=dd-cluster-c-shard-00-00-4cisu.gcp.mongodb.net:27017, hosts=[dd-cluster-c-shard-00-00-4cisu.gcp.mongodb.net:27017, dd-cluster-c-shard-00-02-4cisu.gcp.mongodb.net:27017, dd-cluster-c-shard-00-01-4cisu.gcp.mongodb.net:27017], passives=[], arbiters=[], primary='dd-cluster-c-shard-00-00-4cisu.gcp.mongodb.net:27017', tagSet=TagSet{[Tag{name='nodeType', value='ELECTABLE'}, Tag{name='region', value='CENTRAL_US'}, Tag{name='provider', value='GCP'}]}, electionId=7fffffff0000000000000001, setVersion=1, lastWriteDate=Thu Sep 19 22:42:26 MST 2019, lastUpdateTimeNanos=373294163929375}
2019-09-19 22:42:31.339  INFO 25398 --- [cluster-ClusterId{value='5d8466c6b8a5a92d269bed87', description='null'}-dd-cluster-c-shard-00-01-4cisu.gcp.mongodb.net:27017] org.mongodb.driver.cluster               : Monitor thread successfully connected to server with description ServerDescription{address=dd-cluster-c-shard-00-01-4cisu.gcp.mongodb.net:27017, type=REPLICA_SET_SECONDARY, state=CONNECTED, ok=true, version=ServerVersion{versionList=[4, 0, 12]}, minWireVersion=0, maxWireVersion=7, maxDocumentSize=16777216, logicalSessionTimeoutMinutes=30, roundTripTimeNanos=77113837, setName='dd-cluster-c-shard-0', canonicalAddress=dd-cluster-c-shard-00-01-4cisu.gcp.mongodb.net:27017, hosts=[dd-cluster-c-shard-00-00-4cisu.gcp.mongodb.net:27017, dd-cluster-c-shard-00-02-4cisu.gcp.mongodb.net:27017, dd-cluster-c-shard-00-01-4cisu.gcp.mongodb.net:27017], passives=[], arbiters=[], primary='dd-cluster-c-shard-00-00-4cisu.gcp.mongodb.net:27017', tagSet=TagSet{[Tag{name='region', value='CENTRAL_US'}, Tag{name='provider', value='GCP'}, Tag{name='nodeType', value='ELECTABLE'}]}, electionId=null, setVersion=1, lastWriteDate=Thu Sep 19 22:42:26 MST 2019, lastUpdateTimeNanos=373294165596319}
2019-09-19 22:42:31.339  INFO 25398 --- [cluster-ClusterId{value='5d8466c6b8a5a92d269bed87', description='null'}-dd-cluster-c-shard-00-02-4cisu.gcp.mongodb.net:27017] org.mongodb.driver.cluster               : Monitor thread successfully connected to server with description ServerDescription{address=dd-cluster-c-shard-00-02-4cisu.gcp.mongodb.net:27017, type=REPLICA_SET_SECONDARY, state=CONNECTED, ok=true, version=ServerVersion{versionList=[4, 0, 12]}, minWireVersion=0, maxWireVersion=7, maxDocumentSize=16777216, logicalSessionTimeoutMinutes=30, roundTripTimeNanos=77071624, setName='dd-cluster-c-shard-0', canonicalAddress=dd-cluster-c-shard-00-02-4cisu.gcp.mongodb.net:27017, hosts=[dd-cluster-c-shard-00-00-4cisu.gcp.mongodb.net:27017, dd-cluster-c-shard-00-02-4cisu.gcp.mongodb.net:27017, dd-cluster-c-shard-00-01-4cisu.gcp.mongodb.net:27017], passives=[], arbiters=[], primary='dd-cluster-c-shard-00-00-4cisu.gcp.mongodb.net:27017', tagSet=TagSet{[Tag{name='region', value='CENTRAL_US'}, Tag{name='provider', value='GCP'}, Tag{name='nodeType', value='ELECTABLE'}]}, electionId=null, setVersion=1, lastWriteDate=Thu Sep 19 22:42:26 MST 2019, lastUpdateTimeNanos=373294165557146}
2019-09-19 22:42:31.340  INFO 25398 --- [cluster-ClusterId{value='5d8466c6b8a5a92d269bed87', description='null'}-dd-cluster-c-shard-00-00-4cisu.gcp.mongodb.net:27017] org.mongodb.driver.cluster               : Setting max election id to 7fffffff0000000000000001 from replica set primary dd-cluster-c-shard-00-00-4cisu.gcp.mongodb.net:27017
2019-09-19 22:42:31.340  INFO 25398 --- [cluster-ClusterId{value='5d8466c6b8a5a92d269bed87', description='null'}-dd-cluster-c-shard-00-00-4cisu.gcp.mongodb.net:27017] org.mongodb.driver.cluster               : Setting max set version to 1 from replica set primary dd-cluster-c-shard-00-00-4cisu.gcp.mongodb.net:27017
2019-09-19 22:42:31.340  INFO 25398 --- [cluster-ClusterId{value='5d8466c6b8a5a92d269bed87', description='null'}-dd-cluster-c-shard-00-00-4cisu.gcp.mongodb.net:27017] org.mongodb.driver.cluster               : Discovered replica set primary dd-cluster-c-shard-00-00-4cisu.gcp.mongodb.net:27017
2019-09-19 22:42:32.077  INFO 25398 --- [main] org.mongodb.driver.connection            : Opened connection [connectionId{localValue:4, serverValue:149431}] to dd-cluster-c-shard-00-00-4cisu.gcp.mongodb.net:27017
2019-09-19 22:42:32.291  INFO 25398 --- [main] o.s.s.concurrent.ThreadPoolTaskExecutor  : Initializing ExecutorService 'applicationTaskExecutor'
2019-09-19 22:42:32.411  INFO 25398 --- [main] o.s.b.a.w.s.WelcomePageHandlerMapping    : Adding welcome page template: index
2019-09-19 22:42:32.519  INFO 25398 --- [main] o.s.b.w.embedded.tomcat.TomcatWebServer  : Tomcat started on port(s): 8081 (http) with context path ''
2019-09-19 22:42:32.522  INFO 25398 --- [main] com.designdreams.copass.CopassApp        : Started CopassApp in 3.778 seconds (JVM running for 4.063)
2019-09-19 22:42:47.196  INFO 25398 --- [http-nio-8081-exec-1] o.a.c.c.C.[Tomcat].[localhost].[/]       : Initializing Spring DispatcherServlet 'dispatcherServlet'
2019-09-19 22:42:47.197  INFO 25398 --- [http-nio-8081-exec-1] o.s.web.servlet.DispatcherServlet        : Initializing Servlet 'dispatcherServlet'
2019-09-19 22:42:47.202  INFO 25398 --- [http-nio-8081-exec-1] o.s.web.servlet.DispatcherServlet        : Completed initialization in 5 ms
2019-09-19 22:45:28.964  INFO 25398 --- [Thread-3] o.s.s.concurrent.ThreadPoolTaskExecutor  : Shutting down ExecutorService 'applicationTaskExecutor'
2019-09-19 22:45:29.047  INFO 25398 --- [Thread-3] org.mongodb.driver.connection            : Closed connection [connectionId{localValue:4, serverValue:149431}] to dd-cluster-c-shard-00-00-4cisu.gcp.mongodb.net:27017 because the pool has been closed.
2019-09-19 22:45:32.740  INFO 25415 --- [main] com.designdreams.copass.CopassApp        : Starting CopassApp on Krishnakumars-MacBook-Pro.local with PID 25415 (/Users/krish/IdeaProjects/copa-api-working/target/classes started by krish in /Users/krish/IdeaProjects/copa-api-working)
2019-09-19 22:45:32.744  INFO 25415 --- [main] com.designdreams.copass.CopassApp        : No active profile set, falling back to default profiles: default
2019-09-19 22:45:33.745  INFO 25415 --- [main] o.s.b.w.embedded.tomcat.TomcatWebServer  : Tomcat initialized with port(s): 8081 (http)
2019-09-19 22:45:33.774  INFO 25415 --- [main] o.apache.catalina.core.StandardService   : Starting service [Tomcat]
2019-09-19 22:45:33.774  INFO 25415 --- [main] org.apache.catalina.core.StandardEngine  : Starting Servlet engine: [Apache Tomcat/9.0.21]
2019-09-19 22:45:33.870  INFO 25415 --- [main] o.a.c.c.C.[Tomcat].[localhost].[/]       : Initializing Spring embedded WebApplicationContext
2019-09-19 22:45:33.870  INFO 25415 --- [main] o.s.web.context.ContextLoader            : Root WebApplicationContext: initialization completed in 1084 ms
2019-09-19 22:45:34.226  INFO 25415 --- [main] org.mongodb.driver.cluster               : Cluster created with settings {hosts=[127.0.0.1:27017], srvHost=dd-cluster-c-4cisu.gcp.mongodb.net, mode=MULTIPLE, requiredClusterType=REPLICA_SET, serverSelectionTimeout='30000 ms', maxWaitQueueSize=500, requiredReplicaSetName='dd-cluster-c-shard-0'}
2019-09-19 22:45:34.266  INFO 25415 --- [main] org.mongodb.driver.cluster               : Cluster description not yet available. Waiting for 30000 ms before timing out
2019-09-19 22:45:34.273  INFO 25415 --- [cluster-ClusterId{value='5d84677ee19948740c928735', description='null'}-srv-dd-cluster-c-4cisu.gcp.mongodb.net] org.mongodb.driver.cluster               : Adding discovered server dd-cluster-c-shard-00-02-4cisu.gcp.mongodb.net:27017 to client view of cluster
2019-09-19 22:45:34.292  INFO 25415 --- [cluster-ClusterId{value='5d84677ee19948740c928735', description='null'}-srv-dd-cluster-c-4cisu.gcp.mongodb.net] org.mongodb.driver.cluster               : Adding discovered server dd-cluster-c-shard-00-00-4cisu.gcp.mongodb.net:27017 to client view of cluster
2019-09-19 22:45:34.293  INFO 25415 --- [cluster-ClusterId{value='5d84677ee19948740c928735', description='null'}-srv-dd-cluster-c-4cisu.gcp.mongodb.net] org.mongodb.driver.cluster               : Adding discovered server dd-cluster-c-shard-00-01-4cisu.gcp.mongodb.net:27017 to client view of cluster
2019-09-19 22:45:34.295  INFO 25415 --- [main] org.mongodb.driver.cluster               : No server chosen by com.mongodb.client.internal.MongoClientDelegate$1@baf1bb3 from cluster description ClusterDescription{type=REPLICA_SET, connectionMode=MULTIPLE, serverDescriptions=[ServerDescription{address=dd-cluster-c-shard-00-00-4cisu.gcp.mongodb.net:27017, type=UNKNOWN, state=CONNECTING}, ServerDescription{address=dd-cluster-c-shard-00-01-4cisu.gcp.mongodb.net:27017, type=UNKNOWN, state=CONNECTING}, ServerDescription{address=dd-cluster-c-shard-00-02-4cisu.gcp.mongodb.net:27017, type=UNKNOWN, state=CONNECTING}]}. Waiting for 30000 ms before timing out
2019-09-19 22:45:34.959  INFO 25415 --- [cluster-ClusterId{value='5d84677ee19948740c928735', description='null'}-dd-cluster-c-shard-00-02-4cisu.gcp.mongodb.net:27017] org.mongodb.driver.connection            : Opened connection [connectionId{localValue:1, serverValue:105798}] to dd-cluster-c-shard-00-02-4cisu.gcp.mongodb.net:27017
2019-09-19 22:45:34.959  INFO 25415 --- [cluster-ClusterId{value='5d84677ee19948740c928735', description='null'}-dd-cluster-c-shard-00-00-4cisu.gcp.mongodb.net:27017] org.mongodb.driver.connection            : Opened connection [connectionId{localValue:2, serverValue:149088}] to dd-cluster-c-shard-00-00-4cisu.gcp.mongodb.net:27017
2019-09-19 22:45:34.959  INFO 25415 --- [cluster-ClusterId{value='5d84677ee19948740c928735', description='null'}-dd-cluster-c-shard-00-01-4cisu.gcp.mongodb.net:27017] org.mongodb.driver.connection            : Opened connection [connectionId{localValue:3, serverValue:105740}] to dd-cluster-c-shard-00-01-4cisu.gcp.mongodb.net:27017
2019-09-19 22:45:35.036  INFO 25415 --- [cluster-ClusterId{value='5d84677ee19948740c928735', description='null'}-dd-cluster-c-shard-00-01-4cisu.gcp.mongodb.net:27017] org.mongodb.driver.cluster               : Monitor thread successfully connected to server with description ServerDescription{address=dd-cluster-c-shard-00-01-4cisu.gcp.mongodb.net:27017, type=REPLICA_SET_SECONDARY, state=CONNECTED, ok=true, version=ServerVersion{versionList=[4, 0, 12]}, minWireVersion=0, maxWireVersion=7, maxDocumentSize=16777216, logicalSessionTimeoutMinutes=30, roundTripTimeNanos=75123450, setName='dd-cluster-c-shard-0', canonicalAddress=dd-cluster-c-shard-00-01-4cisu.gcp.mongodb.net:27017, hosts=[dd-cluster-c-shard-00-00-4cisu.gcp.mongodb.net:27017, dd-cluster-c-shard-00-02-4cisu.gcp.mongodb.net:27017, dd-cluster-c-shard-00-01-4cisu.gcp.mongodb.net:27017], passives=[], arbiters=[], primary='dd-cluster-c-shard-00-00-4cisu.gcp.mongodb.net:27017', tagSet=TagSet{[Tag{name='region', value='CENTRAL_US'}, Tag{name='provider', value='GCP'}, Tag{name='nodeType', value='ELECTABLE'}]}, electionId=null, setVersion=1, lastWriteDate=Thu Sep 19 22:45:25 MST 2019, lastUpdateTimeNanos=373477862192496}
2019-09-19 22:45:35.037  INFO 25415 --- [cluster-ClusterId{value='5d84677ee19948740c928735', description='null'}-dd-cluster-c-shard-00-00-4cisu.gcp.mongodb.net:27017] org.mongodb.driver.cluster               : Monitor thread successfully connected to server with description ServerDescription{address=dd-cluster-c-shard-00-00-4cisu.gcp.mongodb.net:27017, type=REPLICA_SET_PRIMARY, state=CONNECTED, ok=true, version=ServerVersion{versionList=[4, 0, 12]}, minWireVersion=0, maxWireVersion=7, maxDocumentSize=16777216, logicalSessionTimeoutMinutes=30, roundTripTimeNanos=77213431, setName='dd-cluster-c-shard-0', canonicalAddress=dd-cluster-c-shard-00-00-4cisu.gcp.mongodb.net:27017, hosts=[dd-cluster-c-shard-00-00-4cisu.gcp.mongodb.net:27017, dd-cluster-c-shard-00-02-4cisu.gcp.mongodb.net:27017, dd-cluster-c-shard-00-01-4cisu.gcp.mongodb.net:27017], passives=[], arbiters=[], primary='dd-cluster-c-shard-00-00-4cisu.gcp.mongodb.net:27017', tagSet=TagSet{[Tag{name='nodeType', value='ELECTABLE'}, Tag{name='region', value='CENTRAL_US'}, Tag{name='provider', value='GCP'}]}, electionId=7fffffff0000000000000001, setVersion=1, lastWriteDate=Thu Sep 19 22:45:25 MST 2019, lastUpdateTimeNanos=373477863804402}
2019-09-19 22:45:35.037  INFO 25415 --- [cluster-ClusterId{value='5d84677ee19948740c928735', description='null'}-dd-cluster-c-shard-00-02-4cisu.gcp.mongodb.net:27017] org.mongodb.driver.cluster               : Monitor thread successfully connected to server with description ServerDescription{address=dd-cluster-c-shard-00-02-4cisu.gcp.mongodb.net:27017, type=REPLICA_SET_SECONDARY, state=CONNECTED, ok=true, version=ServerVersion{versionList=[4, 0, 12]}, minWireVersion=0, maxWireVersion=7, maxDocumentSize=16777216, logicalSessionTimeoutMinutes=30, roundTripTimeNanos=77186197, setName='dd-cluster-c-shard-0', canonicalAddress=dd-cluster-c-shard-00-02-4cisu.gcp.mongodb.net:27017, hosts=[dd-cluster-c-shard-00-00-4cisu.gcp.mongodb.net:27017, dd-cluster-c-shard-00-02-4cisu.gcp.mongodb.net:27017, dd-cluster-c-shard-00-01-4cisu.gcp.mongodb.net:27017], passives=[], arbiters=[], primary='dd-cluster-c-shard-00-00-4cisu.gcp.mongodb.net:27017', tagSet=TagSet{[Tag{name='region', value='CENTRAL_US'}, Tag{name='provider', value='GCP'}, Tag{name='nodeType', value='ELECTABLE'}]}, electionId=null, setVersion=1, lastWriteDate=Thu Sep 19 22:45:25 MST 2019, lastUpdateTimeNanos=373477863753951}
2019-09-19 22:45:35.038  INFO 25415 --- [cluster-ClusterId{value='5d84677ee19948740c928735', description='null'}-dd-cluster-c-shard-00-00-4cisu.gcp.mongodb.net:27017] org.mongodb.driver.cluster               : Setting max election id to 7fffffff0000000000000001 from replica set primary dd-cluster-c-shard-00-00-4cisu.gcp.mongodb.net:27017
2019-09-19 22:45:35.038  INFO 25415 --- [cluster-ClusterId{value='5d84677ee19948740c928735', description='null'}-dd-cluster-c-shard-00-00-4cisu.gcp.mongodb.net:27017] org.mongodb.driver.cluster               : Setting max set version to 1 from replica set primary dd-cluster-c-shard-00-00-4cisu.gcp.mongodb.net:27017
2019-09-19 22:45:35.039  INFO 25415 --- [cluster-ClusterId{value='5d84677ee19948740c928735', description='null'}-dd-cluster-c-shard-00-00-4cisu.gcp.mongodb.net:27017] org.mongodb.driver.cluster               : Discovered replica set primary dd-cluster-c-shard-00-00-4cisu.gcp.mongodb.net:27017
2019-09-19 22:45:35.749  INFO 25415 --- [main] org.mongodb.driver.connection            : Opened connection [connectionId{localValue:4, serverValue:149088}] to dd-cluster-c-shard-00-00-4cisu.gcp.mongodb.net:27017
2019-09-19 22:45:35.956  INFO 25415 --- [main] o.s.s.concurrent.ThreadPoolTaskExecutor  : Initializing ExecutorService 'applicationTaskExecutor'
2019-09-19 22:45:36.070  INFO 25415 --- [main] o.s.b.a.w.s.WelcomePageHandlerMapping    : Adding welcome page template: index
2019-09-19 22:45:36.178  INFO 25415 --- [main] o.s.b.w.embedded.tomcat.TomcatWebServer  : Tomcat started on port(s): 8081 (http) with context path ''
2019-09-19 22:45:36.181  INFO 25415 --- [main] com.designdreams.copass.CopassApp        : Started CopassApp in 3.942 seconds (JVM running for 4.216)
2019-09-19 22:45:39.856  INFO 25415 --- [http-nio-8081-exec-1] o.a.c.c.C.[Tomcat].[localhost].[/]       : Initializing Spring DispatcherServlet 'dispatcherServlet'
2019-09-19 22:45:39.856  INFO 25415 --- [http-nio-8081-exec-1] o.s.web.servlet.DispatcherServlet        : Initializing Servlet 'dispatcherServlet'
2019-09-19 22:45:39.861  INFO 25415 --- [http-nio-8081-exec-1] o.s.web.servlet.DispatcherServlet        : Completed initialization in 5 ms
2019-09-19 22:46:45.608  INFO 25415 --- [Thread-3] o.s.s.concurrent.ThreadPoolTaskExecutor  : Shutting down ExecutorService 'applicationTaskExecutor'
2019-09-19 22:46:45.697  INFO 25415 --- [Thread-3] org.mongodb.driver.connection            : Closed connection [connectionId{localValue:4, serverValue:149088}] to dd-cluster-c-shard-00-00-4cisu.gcp.mongodb.net:27017 because the pool has been closed.
